<?xml version="1.0" encoding="UTF-8"?>
<!-- Generated by org.testng.reporters.JUnitReportReporter -->
<testsuite name="com.crowdfunding.sjtu.controller.TestNGforControllerClassTest" tests="2" time="0.005" ignored="0" failures="0" timestamp="28 Dec 2017 00:52:02 GMT" skipped="0" hostname="SHG075CD7155YZD" errors="0">
  <testcase name="f" time="0.001" classname="com.crowdfunding.sjtu.controller.TestNGforControllerClassTest"/>
  <testcase name="f" time="0.004" classname="com.crowdfunding.sjtu.controller.TestNGforControllerClassTest"/>
</testsuite> <!-- com.crowdfunding.sjtu.controller.TestNGforControllerClassTest -->
