<?xml version="1.0" encoding="UTF-8"?>
<!-- Generated by org.testng.reporters.JUnitReportReporter -->
<testsuite name="com.crowdfunding.sjtu.controller.AuditControllerTest" tests="4" time="0.009" ignored="0" failures="0" timestamp="28 Dec 2017 00:51:52 GMT" skipped="0" hostname="SHG075CD7155YZD" errors="0">
  <testcase name="f" time="0.002" classname="com.crowdfunding.sjtu.controller.AuditControllerTest"/>
  <testcase name="getAuditProjectList" time="0.001" classname="com.crowdfunding.sjtu.controller.AuditControllerTest"/>
  <testcase name="auditOne" time="0.004" classname="com.crowdfunding.sjtu.controller.AuditControllerTest"/>
  <testcase name="f" time="0.002" classname="com.crowdfunding.sjtu.controller.AuditControllerTest"/>
</testsuite> <!-- com.crowdfunding.sjtu.controller.AuditControllerTest -->
